given: miracle
confound those dover boys tried
victoria's secret tried
wolverhampton tried
sure as hell tried
philadelphia tried
girlfriends tried
no one else tried
grooveshark tried
doctor who tried
boyfriends tried
handprints tried
stalingrad tried
nottingham tried
girlfriend tried
foursquare tried
footprints tried
gentlemen tried
everybody tried
gentleman tried
high-five tried
footprint tried
wikipedia tried
trollface tried
old-timer tried
boyfriend tried
halloween tried
footsteps tried
manhattan tried
handprint tried
trollable tried
children tried
the heck tried
bro-fist tried
facepalm tried
handmade tried
footstep tried
butthurt tried
the hell tried
somebody tried
american tried
bro fist tried
naysayer tried
butthurt tried
trolling tried
marathon tried
handedly tried
everyone tried
miracles tried
pandora tried
america tried
anybody tried
cowgirl tried
brofist tried
groupon tried
someone tried
dr. who tried
persons tried
miracle tried
trolled tried
foolish tried
fapping tried
dubstep tried
handers tried
anyone tried
tattoo tried
cowboy tried
handed tried
person tried
dr who tried
ladies tried
nobody tried
people tried
humans tried
trolls tried
women tried
girls tried
boner tried
woman tried
folks tried
child tried
hands tried
human tried
yahoo tried
money tried
troll tried
guys tried
step tried
feet tried
walk tried
foot tried
fool tried
boys tried
at&t tried
girl tried
main tried
hand tried
ebay tried
fap tried
man tried
men tried
hey tried
boy tried
cnn tried
guy tried
god tried
'miracle'
